<?xml version="1.0" encoding="UTF-8"?>
<testng-results ignored="0" total="0" passed="0" failed="0" skipped="0">
  <reporter-output>
  </reporter-output>
  <suite started-at="2021-12-10T23:58:07 MYT" name="Command line suite" finished-at="2021-12-10T23:58:07 MYT" duration-ms="22">
    <groups>
    </groups>
    <test started-at="2021-12-10T23:58:07 MYT" name="Command line test" finished-at="2021-12-10T23:58:07 MYT" duration-ms="22">
    </test> <!-- Command line test -->
  </suite> <!-- Command line suite -->
</testng-results>
